mode: atomic
github.com/doodlescheduling/traefik-envoy-ratelimit/main.go:62.29,67.2 1 4
github.com/doodlescheduling/traefik-envoy-ratelimit/main.go:82.96,83.26 1 4
github.com/doodlescheduling/traefik-envoy-ratelimit/main.go:83.26,85.3 1 4
github.com/doodlescheduling/traefik-envoy-ratelimit/main.go:86.2,86.22 1 0
github.com/doodlescheduling/traefik-envoy-ratelimit/main.go:86.22,88.3 1 0
github.com/doodlescheduling/traefik-envoy-ratelimit/main.go:89.2,90.18 2 0
github.com/doodlescheduling/traefik-envoy-ratelimit/main.go:90.18,92.3 1 0
github.com/doodlescheduling/traefik-envoy-ratelimit/main.go:93.2,93.25 1 0
github.com/doodlescheduling/traefik-envoy-ratelimit/main.go:93.25,95.3 1 0
github.com/doodlescheduling/traefik-envoy-ratelimit/main.go:97.2,102.8 1 0
github.com/doodlescheduling/traefik-envoy-ratelimit/main.go:134.74,136.20 2 5
github.com/doodlescheduling/traefik-envoy-ratelimit/main.go:136.20,140.3 2 1
github.com/doodlescheduling/traefik-envoy-ratelimit/main.go:142.2,147.16 2 4
github.com/doodlescheduling/traefik-envoy-ratelimit/main.go:147.16,150.3 2 0
github.com/doodlescheduling/traefik-envoy-ratelimit/main.go:152.2,153.16 2 4
github.com/doodlescheduling/traefik-envoy-ratelimit/main.go:153.16,156.3 2 0
github.com/doodlescheduling/traefik-envoy-ratelimit/main.go:157.2,160.16 3 4
github.com/doodlescheduling/traefik-envoy-ratelimit/main.go:160.16,163.3 2 1
github.com/doodlescheduling/traefik-envoy-ratelimit/main.go:164.2,164.15 1 3
github.com/doodlescheduling/traefik-envoy-ratelimit/main.go:164.15,167.3 2 3
github.com/doodlescheduling/traefik-envoy-ratelimit/main.go:169.2,175.15 4 3
github.com/doodlescheduling/traefik-envoy-ratelimit/main.go:175.15,179.3 3 1
github.com/doodlescheduling/traefik-envoy-ratelimit/main.go:181.2,181.47 1 2
github.com/doodlescheduling/traefik-envoy-ratelimit/main.go:181.47,183.3 1 1
github.com/doodlescheduling/traefik-envoy-ratelimit/main.go:185.2,185.48 1 2
github.com/doodlescheduling/traefik-envoy-ratelimit/main.go:185.48,187.3 1 1
github.com/doodlescheduling/traefik-envoy-ratelimit/main.go:189.2,189.27 1 2
github.com/doodlescheduling/traefik-envoy-ratelimit/main.go:194.73,196.38 2 5
github.com/doodlescheduling/traefik-envoy-ratelimit/main.go:196.38,199.31 3 5
github.com/doodlescheduling/traefik-envoy-ratelimit/main.go:199.31,201.24 2 5
github.com/doodlescheduling/traefik-envoy-ratelimit/main.go:201.24,203.10 2 1
github.com/doodlescheduling/traefik-envoy-ratelimit/main.go:205.4,205.63 1 4
github.com/doodlescheduling/traefik-envoy-ratelimit/main.go:207.3,207.32 1 5
github.com/doodlescheduling/traefik-envoy-ratelimit/main.go:207.32,208.12 1 1
github.com/doodlescheduling/traefik-envoy-ratelimit/main.go:210.3,210.53 1 4
github.com/doodlescheduling/traefik-envoy-ratelimit/main.go:212.2,212.12 1 5
github.com/doodlescheduling/traefik-envoy-ratelimit/main.go:215.66,216.9 1 5
github.com/doodlescheduling/traefik-envoy-ratelimit/main.go:217.32,218.29 1 1
github.com/doodlescheduling/traefik-envoy-ratelimit/main.go:219.22,220.28 1 0
github.com/doodlescheduling/traefik-envoy-ratelimit/main.go:221.24,222.26 1 0
github.com/doodlescheduling/traefik-envoy-ratelimit/main.go:223.22,224.24 1 0
github.com/doodlescheduling/traefik-envoy-ratelimit/main.go:225.42,227.20 2 4
github.com/doodlescheduling/traefik-envoy-ratelimit/main.go:228.41,229.50 1 0
github.com/doodlescheduling/traefik-envoy-ratelimit/main.go:230.10,231.19 1 0
github.com/doodlescheduling/traefik-envoy-ratelimit/main.go:235.41,237.16 2 1
github.com/doodlescheduling/traefik-envoy-ratelimit/main.go:237.16,239.3 1 1
github.com/doodlescheduling/traefik-envoy-ratelimit/main.go:240.2,240.13 1 0
github.com/doodlescheduling/traefik-envoy-ratelimit/main.go:243.79,244.23 1 1
github.com/doodlescheduling/traefik-envoy-ratelimit/main.go:244.23,248.3 3 1
github.com/doodlescheduling/traefik-envoy-ratelimit/main.go:249.2,249.27 1 0
